<?xml version="1.0" encoding="UTF-8"?>
<testng-results skipped="0" failed="0" total="2" passed="2">
  <reporter-output>
  </reporter-output>
  <suite name="Default suite" duration-ms="77808" started-at="2019-05-04T12:01:26Z" finished-at="2019-05-04T12:02:44Z">
    <groups>
      <group name="cucumber">
        <method signature="AbstractTestNGCucumberTests.feature(cucumber.api.testng.CucumberFeatureWrapper)[pri:0, instance:runner.TestRunner@dafa95]" name="feature" class="cucumber.api.testng.AbstractTestNGCucumberTests"/>
      </group> <!-- cucumber -->
    </groups>
    <test name="Default test" duration-ms="77808" started-at="2019-05-04T12:01:26Z" finished-at="2019-05-04T12:02:44Z">
      <class name="runner.TestRunner">
        <test-method status="PASS" signature="setUpClass()[pri:0, instance:runner.TestRunner@dafa95]" name="setUpClass" is-config="true" duration-ms="447" started-at="2019-05-04T17:31:26Z" finished-at="2019-05-04T17:31:26Z">
          <reporter-output>
          </reporter-output>
        </test-method> <!-- setUpClass -->
        <test-method status="PASS" signature="feature(cucumber.api.testng.CucumberFeatureWrapper)[pri:0, instance:runner.TestRunner@dafa95]" name="feature" duration-ms="479" started-at="2019-05-04T17:31:27Z" description="Runs Cucumber Feature" data-provider="features" finished-at="2019-05-04T17:31:27Z">
          <params>
            <param index="0">
              <value>
                <![CDATA[FizzBuzz Game Play]]>
              </value>
            </param>
          </params>
          <reporter-output>
          </reporter-output>
        </test-method> <!-- feature -->
        <test-method status="PASS" signature="feature(cucumber.api.testng.CucumberFeatureWrapper)[pri:0, instance:runner.TestRunner@dafa95]" name="feature" duration-ms="76467" started-at="2019-05-04T17:31:27Z" description="Runs Cucumber Feature" data-provider="features" finished-at="2019-05-04T17:32:44Z">
          <params>
            <param index="0">
              <value>
                <![CDATA[Facebook Login Page]]>
              </value>
            </param>
          </params>
          <reporter-output>
          </reporter-output>
        </test-method> <!-- feature -->
        <test-method status="PASS" signature="tearDownClass()[pri:0, instance:runner.TestRunner@dafa95]" name="tearDownClass" is-config="true" duration-ms="150" started-at="2019-05-04T17:32:44Z" finished-at="2019-05-04T17:32:44Z">
          <reporter-output>
          </reporter-output>
        </test-method> <!-- tearDownClass -->
      </class> <!-- runner.TestRunner -->
    </test> <!-- Default test -->
  </suite> <!-- Default suite -->
</testng-results>
