<?xml version="1.0" encoding="UTF-8"?>
<testng-results skipped="0" failed="0" total="1" passed="1">
  <reporter-output>
  </reporter-output>
  <suite name="Default suite" duration-ms="108587" started-at="2019-04-21T10:15:16Z" finished-at="2019-04-21T10:17:04Z">
    <groups>
      <group name="cucumber">
        <method signature="AbstractTestNGCucumberTests.feature(cucumber.api.testng.CucumberFeatureWrapper)[pri:0, instance:runner.TestRunner@dafa95]" name="feature" class="cucumber.api.testng.AbstractTestNGCucumberTests"/>
      </group> <!-- cucumber -->
    </groups>
    <test name="Default test" duration-ms="108587" started-at="2019-04-21T10:15:16Z" finished-at="2019-04-21T10:17:04Z">
      <class name="runner.TestRunner">
        <test-method status="PASS" signature="setUpClass()[pri:0, instance:runner.TestRunner@dafa95]" name="setUpClass" is-config="true" duration-ms="1082" started-at="2019-04-21T15:45:16Z" finished-at="2019-04-21T15:45:17Z">
          <reporter-output>
          </reporter-output>
        </test-method> <!-- setUpClass -->
        <test-method status="PASS" signature="feature(cucumber.api.testng.CucumberFeatureWrapper)[pri:0, instance:runner.TestRunner@dafa95]" name="feature" duration-ms="106759" started-at="2019-04-21T15:45:17Z" description="Runs Cucumber Feature" data-provider="features" finished-at="2019-04-21T15:47:04Z">
          <params>
            <param index="0">
              <value>
                <![CDATA[Test Guru99]]>
              </value>
            </param>
          </params>
          <reporter-output>
          </reporter-output>
        </test-method> <!-- feature -->
        <test-method status="PASS" signature="tearDownClass()[pri:0, instance:runner.TestRunner@dafa95]" name="tearDownClass" is-config="true" duration-ms="122" started-at="2019-04-21T15:47:04Z" finished-at="2019-04-21T15:47:04Z">
          <reporter-output>
          </reporter-output>
        </test-method> <!-- tearDownClass -->
      </class> <!-- runner.TestRunner -->
    </test> <!-- Default test -->
  </suite> <!-- Default suite -->
</testng-results>
