<?xml version="1.0" encoding="UTF-8"?>
<testng-results skipped="0" failed="0" total="2" passed="2">
  <reporter-output>
  </reporter-output>
  <suite name="runner.TestRunner" duration-ms="118787" started-at="2019-05-04T12:34:34Z" finished-at="2019-05-04T12:36:33Z">
    <groups>
      <group name="cucumber">
        <method signature="AbstractTestNGCucumberTests.feature(cucumber.api.testng.CucumberFeatureWrapper)[pri:0, instance:runner.TestRunner@f67b76]" name="feature" class="cucumber.api.testng.AbstractTestNGCucumberTests"/>
      </group> <!-- cucumber -->
    </groups>
    <test name="Command line test" duration-ms="118787" started-at="2019-05-04T12:34:34Z" finished-at="2019-05-04T12:36:33Z">
      <class name="runner.TestRunner">
        <test-method status="PASS" signature="setUpClass()[pri:0, instance:runner.TestRunner@f67b76]" name="setUpClass" is-config="true" duration-ms="371" started-at="2019-05-04T18:04:34Z" finished-at="2019-05-04T18:04:35Z">
          <reporter-output>
          </reporter-output>
        </test-method> <!-- setUpClass -->
        <test-method status="PASS" signature="feature(cucumber.api.testng.CucumberFeatureWrapper)[pri:0, instance:runner.TestRunner@f67b76]" name="feature" duration-ms="184" started-at="2019-05-04T18:04:35Z" description="Runs Cucumber Feature" data-provider="features" finished-at="2019-05-04T18:04:35Z">
          <params>
            <param index="0">
              <value>
                <![CDATA[FizzBuzz Game Play]]>
              </value>
            </param>
          </params>
          <reporter-output>
          </reporter-output>
        </test-method> <!-- feature -->
        <test-method status="PASS" signature="feature(cucumber.api.testng.CucumberFeatureWrapper)[pri:0, instance:runner.TestRunner@f67b76]" name="feature" duration-ms="117311" started-at="2019-05-04T18:04:35Z" description="Runs Cucumber Feature" data-provider="features" finished-at="2019-05-04T18:06:32Z">
          <params>
            <param index="0">
              <value>
                <![CDATA[Facebook Login Page]]>
              </value>
            </param>
          </params>
          <reporter-output>
          </reporter-output>
        </test-method> <!-- feature -->
        <test-method status="PASS" signature="tearDownClass()[pri:0, instance:runner.TestRunner@f67b76]" name="tearDownClass" is-config="true" duration-ms="778" started-at="2019-05-04T18:06:32Z" finished-at="2019-05-04T18:06:33Z">
          <reporter-output>
          </reporter-output>
        </test-method> <!-- tearDownClass -->
      </class> <!-- runner.TestRunner -->
    </test> <!-- Command line test -->
  </suite> <!-- runner.TestRunner -->
</testng-results>
