<?xml version="1.0" encoding="UTF-8"?>
<testng-results skipped="0" failed="0" total="1" passed="1">
  <reporter-output>
  </reporter-output>
  <suite name="runner.TestRunner" duration-ms="79159" started-at="2019-04-24T13:42:32Z" finished-at="2019-04-24T13:43:52Z">
    <groups>
      <group name="cucumber">
        <method signature="AbstractTestNGCucumberTests.feature(cucumber.api.testng.CucumberFeatureWrapper)[pri:0, instance:runner.TestRunner@f67b76]" name="feature" class="cucumber.api.testng.AbstractTestNGCucumberTests"/>
      </group> <!-- cucumber -->
    </groups>
    <test name="Command line test" duration-ms="79159" started-at="2019-04-24T13:42:32Z" finished-at="2019-04-24T13:43:52Z">
      <class name="runner.TestRunner">
        <test-method status="PASS" signature="setUpClass()[pri:0, instance:runner.TestRunner@f67b76]" name="setUpClass" is-config="true" duration-ms="903" started-at="2019-04-24T19:12:32Z" finished-at="2019-04-24T19:12:33Z">
          <reporter-output>
          </reporter-output>
        </test-method> <!-- setUpClass -->
        <test-method status="PASS" signature="feature(cucumber.api.testng.CucumberFeatureWrapper)[pri:0, instance:runner.TestRunner@f67b76]" name="feature" duration-ms="77841" started-at="2019-04-24T19:12:34Z" description="Runs Cucumber Feature" data-provider="features" finished-at="2019-04-24T19:13:52Z">
          <params>
            <param index="0">
              <value>
                <![CDATA[Test Guru99]]>
              </value>
            </param>
          </params>
          <reporter-output>
          </reporter-output>
        </test-method> <!-- feature -->
        <test-method status="PASS" signature="tearDownClass()[pri:0, instance:runner.TestRunner@f67b76]" name="tearDownClass" is-config="true" duration-ms="31" started-at="2019-04-24T19:13:52Z" finished-at="2019-04-24T19:13:52Z">
          <reporter-output>
          </reporter-output>
        </test-method> <!-- tearDownClass -->
      </class> <!-- runner.TestRunner -->
    </test> <!-- Command line test -->
  </suite> <!-- runner.TestRunner -->
</testng-results>
